# JRE version: OpenJDK Runtime Environment (17.0.11) (build 17.0.11+0--11852314)
# Java VM: OpenJDK 64-Bit Server VM (17.0.11+0--11852314, mixed mode, tiered, compressed oops, compressed class ptrs, g1 gc, windows-amd64)
GC Precious Log:
 CPUs: 12 total, 12 available
 Memory: 7498M
 Large Page Support: Disabled
 NUMA Support: Disabled
 Compressed Oops: Enabled (32-bit)
 Heap Region Size: 1M
 Heap Min Capacity: 8M
 Heap Initial Capacity: 118M
 Heap Max Capacity: 2G
 Pre-touch: Disabled
 Parallel Workers: 10
 Concurrent Workers: 3
 Concurrent Refinement Workers: 10
 Periodic GC: Disabled
Heap:
 garbage-first heap   total 112640K, used 65405K [0x0000000080000000, 0x0000000100000000)
  region size 1024K, 1 young (1024K), 1 survivors (1024K)
 Metaspace       used 63575K, committed 64128K, reserved 1114112K
  class space    used 8617K, committed 8896K, reserved 1048576K
GC Heap History (20 events):
Event: 10.705 GC heap after
{Heap after GC invocations=18 (full 0):
 garbage-first heap   total 82944K, used 41313K [0x0000000080000000, 0x0000000100000000)
  region size 1024K, 4 young (4096K), 4 survivors (4096K)
 Metaspace       used 56393K, committed 56896K, reserved 1114112K
  class space    used 7755K, committed 8000K, reserved 1048576K
}
Event: 10.916 GC heap before
{Heap before GC invocations=18 (full 0):
 garbage-first heap   total 82944K, used 63841K [0x0000000080000000, 0x0000000100000000)
  region size 1024K, 27 young (27648K), 4 survivors (4096K)
 Metaspace       used 56599K, committed 57088K, reserved 1114112K
  class space    used 7755K, committed 8000K, reserved 1048576K
}
Event: 10.920 GC heap after
{Heap after GC invocations=19 (full 0):
 garbage-first heap   total 82944K, used 43504K [0x0000000080000000, 0x0000000100000000)
  region size 1024K, 4 young (4096K), 4 survivors (4096K)
 Metaspace       used 56599K, committed 57088K, reserved 1114112K
  class space    used 7755K, committed 8000K, reserved 1048576K
}
Event: 11.359 GC heap before
{Heap before GC invocations=20 (full 0):
 garbage-first heap   total 82944K, used 69104K [0x0000000080000000, 0x0000000100000000)
  region size 1024K, 24 young (24576K), 4 survivors (4096K)
 Metaspace       used 57239K, committed 57792K, reserved 1114112K
  class space    used 7861K, committed 8128K, reserved 1048576K
}
Event: 11.362 GC heap after
{Heap after GC invocations=21 (full 0):
 garbage-first heap   total 82944K, used 55029K [0x0000000080000000, 0x0000000100000000)
  region size 1024K, 3 young (3072K), 3 survivors (3072K)
 Metaspace       used 57239K, committed 57792K, reserved 1114112K
  class space    used 7861K, committed 8128K, reserved 1048576K
}
Event: 11.395 GC heap before
{Heap before GC invocations=21 (full 0):
 garbage-first heap   total 82944K, used 59125K [0x0000000080000000, 0x0000000100000000)
  region size 1024K, 4 young (4096K), 3 survivors (3072K)
 Metaspace       used 57239K, committed 57792K, reserved 1114112K
  class space    used 7861K, committed 8128K, reserved 1048576K
}
Event: 11.397 GC heap after
{Heap after GC invocations=22 (full 0):
 garbage-first heap   total 82944K, used 59639K [0x0000000080000000, 0x0000000100000000)
  region size 1024K, 1 young (1024K), 1 survivors (1024K)
 Metaspace       used 57239K, committed 57792K, reserved 1114112K
  class space    used 7861K, committed 8128K, reserved 1048576K
}
Event: 11.398 GC heap before
{Heap before GC invocations=22 (full 0):
 garbage-first heap   total 82944K, used 59639K [0x0000000080000000, 0x0000000100000000)
  region size 1024K, 2 young (2048K), 1 survivors (1024K)
 Metaspace       used 57239K, committed 57792K, reserved 1114112K
  class space    used 7861K, committed 8128K, reserved 1048576K
}
Event: 11.399 GC heap after
{Heap after GC invocations=23 (full 0):
 garbage-first heap   total 82944K, used 59607K [0x0000000080000000, 0x0000000100000000)
  region size 1024K, 1 young (1024K), 1 survivors (1024K)
 Metaspace       used 57239K, committed 57792K, reserved 1114112K
  class space    used 7861K, committed 8128K, reserved 1048576K
}
Event: 11.556 GC heap before
{Heap before GC invocations=24 (full 0):
 garbage-first heap   total 109568K, used 68823K [0x0000000080000000, 0x0000000100000000)
  region size 1024K, 7 young (7168K), 1 survivors (1024K)
 Metaspace       used 57478K, committed 58048K, reserved 1114112K
  class space    used 7900K, committed 8192K, reserved 1048576K
}
Event: 11.557 GC heap after
{Heap after GC invocations=25 (full 0):
 garbage-first heap   total 109568K, used 63632K [0x0000000080000000, 0x0000000100000000)
  region size 1024K, 1 young (1024K), 1 survivors (1024K)
 Metaspace       used 57478K, committed 58048K, reserved 1114112K
  class space    used 7900K, committed 8192K, reserved 1048576K
}
Event: 11.623 GC heap before
{Heap before GC invocations=25 (full 0):
 garbage-first heap   total 109568K, used 66704K [0x0000000080000000, 0x0000000100000000)
  region size 1024K, 5 young (5120K), 1 survivors (1024K)
 Metaspace       used 57835K, committed 58432K, reserved 1114112K
  class space    used 7960K, committed 8256K, reserved 1048576K
}
Event: 11.625 GC heap after
{Heap after GC invocations=26 (full 0):
 garbage-first heap   total 109568K, used 62810K [0x0000000080000000, 0x0000000100000000)
  region size 1024K, 1 young (1024K), 1 survivors (1024K)
 Metaspace       used 57835K, committed 58432K, reserved 1114112K
  class space    used 7960K, committed 8256K, reserved 1048576K
}
Event: 11.749 GC heap before
{Heap before GC invocations=26 (full 0):
 garbage-first heap   total 109568K, used 71002K [0x0000000080000000, 0x0000000100000000)
  region size 1024K, 11 young (11264K), 1 survivors (1024K)
 Metaspace       used 58478K, committed 59072K, reserved 1114112K
  class space    used 8020K, committed 8320K, reserved 1048576K
}
Event: 11.751 GC heap after
{Heap after GC invocations=27 (full 0):
 garbage-first heap   total 109568K, used 63486K [0x0000000080000000, 0x0000000100000000)
  region size 1024K, 1 young (1024K), 1 survivors (1024K)
 Metaspace       used 58478K, committed 59072K, reserved 1114112K
  class space    used 8020K, committed 8320K, reserved 1048576K
}
Event: 12.191 GC heap before
{Heap before GC invocations=28 (full 0):
 garbage-first heap   total 112640K, used 89086K [0x0000000080000000, 0x0000000100000000)
  region size 1024K, 25 young (25600K), 1 survivors (1024K)
 Metaspace       used 60463K, committed 61056K, reserved 1114112K
  class space    used 8295K, committed 8576K, reserved 1048576K
}
Event: 12.193 GC heap after
{Heap after GC invocations=29 (full 0):
 garbage-first heap   total 112640K, used 65104K [0x0000000080000000, 0x0000000100000000)
  region size 1024K, 2 young (2048K), 2 survivors (2048K)
 Metaspace       used 60463K, committed 61056K, reserved 1114112K
  class space    used 8295K, committed 8576K, reserved 1048576K
}
Event: 12.244 GC heap before
{Heap before GC invocations=29 (full 0):
 garbage-first heap   total 112640K, used 68176K [0x0000000080000000, 0x0000000100000000)
  region size 1024K, 5 young (5120K), 2 survivors (2048K)
 Metaspace       used 60685K, committed 61184K, reserved 1114112K
  class space    used 8324K, committed 8576K, reserved 1048576K
}
Event: 12.245 GC heap after
{Heap after GC invocations=30 (full 0):
 garbage-first heap   total 112640K, used 65047K [0x0000000080000000, 0x0000000100000000)
  region size 1024K, 1 young (1024K), 1 survivors (1024K)
 Metaspace       used 60685K, committed 61184K, reserved 1114112K
  class space    used 8324K, committed 8576K, reserved 1048576K
}
Event: 12.825 GC heap before
{Heap before GC invocations=30 (full 0):
 garbage-first heap   total 112640K, used 90647K [0x0000000080000000, 0x0000000100000000)
  region size 1024K, 27 young (27648K), 1 survivors (1024K)
 Metaspace       used 63575K, committed 64128K, reserved 1114112K
  class space    used 8617K, committed 8896K, reserved 1048576K
}

