# JRE version: OpenJDK Runtime Environment (17.0.11) (build 17.0.11+0--11852314)
# Java VM: OpenJDK 64-Bit Server VM (17.0.11+0--11852314, mixed mode, tiered, compressed oops, compressed class ptrs, g1 gc, windows-amd64)
GC Precious Log:
 CPUs: 12 total, 12 available
 Memory: 7498M
 Large Page Support: Disabled
 NUMA Support: Disabled
 Compressed Oops: Enabled (32-bit)
 Heap Region Size: 1M
 Heap Min Capacity: 8M
 Heap Initial Capacity: 118M
 Heap Max Capacity: 2G
 Pre-touch: Disabled
 Parallel Workers: 10
 Concurrent Workers: 3
 Concurrent Refinement Workers: 10
 Periodic GC: Disabled
Heap:
 garbage-first heap   total 164864K, used 127774K [0x0000000080000000, 0x0000000100000000)
  region size 1024K, 39 young (39936K), 5 survivors (5120K)
 Metaspace       used 98079K, committed 98752K, reserved 1179648K
  class space    used 13614K, committed 13952K, reserved 1048576K
GC Heap History (20 events):
Event: 9.911 GC heap before
{Heap before GC invocations=29 (full 0):
 garbage-first heap   total 164864K, used 124863K [0x0000000080000000, 0x0000000100000000)
  region size 1024K, 55 young (56320K), 5 survivors (5120K)
 Metaspace       used 71653K, committed 72256K, reserved 1114112K
  class space    used 9664K, committed 9984K, reserved 1048576K
}
Event: 9.916 GC heap after
{Heap after GC invocations=30 (full 0):
 garbage-first heap   total 164864K, used 73761K [0x0000000080000000, 0x0000000100000000)
  region size 1024K, 7 young (7168K), 7 survivors (7168K)
 Metaspace       used 71653K, committed 72256K, reserved 1114112K
  class space    used 9664K, committed 9984K, reserved 1048576K
}
Event: 10.929 GC heap before
{Heap before GC invocations=30 (full 0):
 garbage-first heap   total 164864K, used 125985K [0x0000000080000000, 0x0000000100000000)
  region size 1024K, 55 young (56320K), 7 survivors (7168K)
 Metaspace       used 75971K, committed 76608K, reserved 1179648K
  class space    used 10260K, committed 10560K, reserved 1048576K
}
Event: 10.935 GC heap after
{Heap after GC invocations=31 (full 0):
 garbage-first heap   total 164864K, used 81458K [0x0000000080000000, 0x0000000100000000)
  region size 1024K, 4 young (4096K), 4 survivors (4096K)
 Metaspace       used 75971K, committed 76608K, reserved 1179648K
  class space    used 10260K, committed 10560K, reserved 1048576K
}
Event: 11.402 GC heap before
{Heap before GC invocations=31 (full 0):
 garbage-first heap   total 164864K, used 127538K [0x0000000080000000, 0x0000000100000000)
  region size 1024K, 49 young (50176K), 4 survivors (4096K)
 Metaspace       used 80555K, committed 81152K, reserved 1179648K
  class space    used 10896K, committed 11200K, reserved 1048576K
}
Event: 11.406 GC heap after
{Heap after GC invocations=32 (full 0):
 garbage-first heap   total 164864K, used 83154K [0x0000000080000000, 0x0000000100000000)
  region size 1024K, 6 young (6144K), 6 survivors (6144K)
 Metaspace       used 80555K, committed 81152K, reserved 1179648K
  class space    used 10896K, committed 11200K, reserved 1048576K
}
Event: 11.944 GC heap before
{Heap before GC invocations=33 (full 0):
 garbage-first heap   total 164864K, used 129234K [0x0000000080000000, 0x0000000100000000)
  region size 1024K, 51 young (52224K), 6 survivors (6144K)
 Metaspace       used 81742K, committed 82368K, reserved 1179648K
  class space    used 11065K, committed 11392K, reserved 1048576K
}
Event: 11.949 GC heap after
{Heap after GC invocations=34 (full 0):
 garbage-first heap   total 164864K, used 87922K [0x0000000080000000, 0x0000000100000000)
  region size 1024K, 7 young (7168K), 7 survivors (7168K)
 Metaspace       used 81742K, committed 82368K, reserved 1179648K
  class space    used 11065K, committed 11392K, reserved 1048576K
}
Event: 11.956 GC heap before
{Heap before GC invocations=34 (full 0):
 garbage-first heap   total 164864K, used 88946K [0x0000000080000000, 0x0000000100000000)
  region size 1024K, 8 young (8192K), 7 survivors (7168K)
 Metaspace       used 81742K, committed 82368K, reserved 1179648K
  class space    used 11065K, committed 11392K, reserved 1048576K
}
Event: 11.960 GC heap after
{Heap after GC invocations=35 (full 0):
 garbage-first heap   total 164864K, used 88186K [0x0000000080000000, 0x0000000100000000)
  region size 1024K, 1 young (1024K), 1 survivors (1024K)
 Metaspace       used 81742K, committed 82368K, reserved 1179648K
  class space    used 11065K, committed 11392K, reserved 1048576K
}
Event: 12.539 GC heap before
{Heap before GC invocations=35 (full 0):
 garbage-first heap   total 164864K, used 132218K [0x0000000080000000, 0x0000000100000000)
  region size 1024K, 43 young (44032K), 1 survivors (1024K)
 Metaspace       used 84967K, committed 85632K, reserved 1179648K
  class space    used 11499K, committed 11840K, reserved 1048576K
}
Event: 12.541 GC heap after
{Heap after GC invocations=36 (full 0):
 garbage-first heap   total 164864K, used 89501K [0x0000000080000000, 0x0000000100000000)
  region size 1024K, 3 young (3072K), 3 survivors (3072K)
 Metaspace       used 84967K, committed 85632K, reserved 1179648K
  class space    used 11499K, committed 11840K, reserved 1048576K
}
Event: 13.433 GC heap before
{Heap before GC invocations=37 (full 0):
 garbage-first heap   total 164864K, used 132509K [0x0000000080000000, 0x0000000100000000)
  region size 1024K, 45 young (46080K), 3 survivors (3072K)
 Metaspace       used 88010K, committed 88704K, reserved 1179648K
  class space    used 12107K, committed 12416K, reserved 1048576K
}
Event: 13.435 GC heap after
{Heap after GC invocations=38 (full 0):
 garbage-first heap   total 164864K, used 90424K [0x0000000080000000, 0x0000000100000000)
  region size 1024K, 3 young (3072K), 3 survivors (3072K)
 Metaspace       used 88010K, committed 88704K, reserved 1179648K
  class space    used 12107K, committed 12416K, reserved 1048576K
}
Event: 13.524 GC heap before
{Heap before GC invocations=38 (full 0):
 garbage-first heap   total 164864K, used 95544K [0x0000000080000000, 0x0000000100000000)
  region size 1024K, 8 young (8192K), 3 survivors (3072K)
 Metaspace       used 88394K, committed 89088K, reserved 1179648K
  class space    used 12169K, committed 12480K, reserved 1048576K
}
Event: 13.527 GC heap after
{Heap after GC invocations=39 (full 0):
 garbage-first heap   total 164864K, used 89772K [0x0000000080000000, 0x0000000100000000)
  region size 1024K, 1 young (1024K), 1 survivors (1024K)
 Metaspace       used 88394K, committed 89088K, reserved 1179648K
  class space    used 12169K, committed 12480K, reserved 1048576K
}
Event: 14.072 GC heap before
{Heap before GC invocations=39 (full 0):
 garbage-first heap   total 164864K, used 134828K [0x0000000080000000, 0x0000000100000000)
  region size 1024K, 45 young (46080K), 1 survivors (1024K)
 Metaspace       used 91397K, committed 92096K, reserved 1179648K
  class space    used 12617K, committed 12992K, reserved 1048576K
}
Event: 14.075 GC heap after
{Heap after GC invocations=40 (full 0):
 garbage-first heap   total 164864K, used 91431K [0x0000000080000000, 0x0000000100000000)
  region size 1024K, 3 young (3072K), 3 survivors (3072K)
 Metaspace       used 91397K, committed 92096K, reserved 1179648K
  class space    used 12617K, committed 12992K, reserved 1048576K
}
Event: 14.606 GC heap before
{Heap before GC invocations=40 (full 0):
 garbage-first heap   total 164864K, used 135463K [0x0000000080000000, 0x0000000100000000)
  region size 1024K, 46 young (47104K), 3 survivors (3072K)
 Metaspace       used 94658K, committed 95360K, reserved 1179648K
  class space    used 13099K, committed 13440K, reserved 1048576K
}
Event: 14.609 GC heap after
{Heap after GC invocations=41 (full 0):
 garbage-first heap   total 164864K, used 93982K [0x0000000080000000, 0x0000000100000000)
  region size 1024K, 5 young (5120K), 5 survivors (5120K)
 Metaspace       used 94658K, committed 95360K, reserved 1179648K
  class space    used 13099K, committed 13440K, reserved 1048576K
}

