# JRE version: OpenJDK Runtime Environment (17.0.11) (build 17.0.11+0--11852314)
# Java VM: OpenJDK 64-Bit Server VM (17.0.11+0--11852314, mixed mode, tiered, compressed oops, compressed class ptrs, g1 gc, windows-amd64)
GC Precious Log:
 CPUs: 12 total, 12 available
 Memory: 7498M
 Large Page Support: Disabled
 NUMA Support: Disabled
 Compressed Oops: Enabled (32-bit)
 Heap Region Size: 1M
 Heap Min Capacity: 8M
 Heap Initial Capacity: 118M
 Heap Max Capacity: 2G
 Pre-touch: Disabled
 Parallel Workers: 10
 Concurrent Workers: 3
 Concurrent Refinement Workers: 10
 Periodic GC: Disabled
Heap:
 garbage-first heap   total 280576K, used 154862K [0x0000000080000000, 0x0000000100000000)
  region size 1024K, 7 young (7168K), 7 survivors (7168K)
 Metaspace       used 115717K, committed 116608K, reserved 1179648K
  class space    used 15458K, committed 15872K, reserved 1048576K
GC Heap History (20 events):
Event: 624.101 GC heap after
{Heap after GC invocations=59 (full 0):
 garbage-first heap   total 233472K, used 133076K [0x0000000080000000, 0x0000000100000000)
  region size 1024K, 7 young (7168K), 7 survivors (7168K)
 Metaspace       used 113176K, committed 114048K, reserved 1179648K
  class space    used 15157K, committed 15616K, reserved 1048576K
}
Event: 663.626 GC heap before
{Heap before GC invocations=59 (full 0):
 garbage-first heap   total 233472K, used 137172K [0x0000000080000000, 0x0000000100000000)
  region size 1024K, 11 young (11264K), 7 survivors (7168K)
 Metaspace       used 113222K, committed 114112K, reserved 1179648K
  class space    used 15163K, committed 15616K, reserved 1048576K
}
Event: 663.852 GC heap after
{Heap after GC invocations=60 (full 0):
 garbage-first heap   total 233472K, used 134309K [0x0000000080000000, 0x0000000100000000)
  region size 1024K, 2 young (2048K), 2 survivors (2048K)
 Metaspace       used 113222K, committed 114112K, reserved 1179648K
  class space    used 15163K, committed 15616K, reserved 1048576K
}
Event: 664.105 GC heap before
{Heap before GC invocations=60 (full 0):
 garbage-first heap   total 233472K, used 143525K [0x0000000080000000, 0x0000000100000000)
  region size 1024K, 11 young (11264K), 2 survivors (2048K)
 Metaspace       used 113222K, committed 114112K, reserved 1179648K
  class space    used 15163K, committed 15616K, reserved 1048576K
}
Event: 664.120 GC heap after
{Heap after GC invocations=61 (full 0):
 garbage-first heap   total 233472K, used 133820K [0x0000000080000000, 0x0000000100000000)
  region size 1024K, 1 young (1024K), 1 survivors (1024K)
 Metaspace       used 113222K, committed 114112K, reserved 1179648K
  class space    used 15163K, committed 15616K, reserved 1048576K
}
Event: 666.681 GC heap before
{Heap before GC invocations=62 (full 0):
 garbage-first heap   total 233472K, used 144060K [0x0000000080000000, 0x0000000100000000)
  region size 1024K, 11 young (11264K), 1 survivors (1024K)
 Metaspace       used 113250K, committed 114112K, reserved 1179648K
  class space    used 15163K, committed 15616K, reserved 1048576K
}
Event: 666.694 GC heap after
{Heap after GC invocations=63 (full 0):
 garbage-first heap   total 233472K, used 136102K [0x0000000080000000, 0x0000000100000000)
  region size 1024K, 2 young (2048K), 2 survivors (2048K)
 Metaspace       used 113250K, committed 114112K, reserved 1179648K
  class space    used 15163K, committed 15616K, reserved 1048576K
}
Event: 667.151 GC heap before
{Heap before GC invocations=63 (full 0):
 garbage-first heap   total 233472K, used 145318K [0x0000000080000000, 0x0000000100000000)
  region size 1024K, 11 young (11264K), 2 survivors (2048K)
 Metaspace       used 113254K, committed 114112K, reserved 1179648K
  class space    used 15163K, committed 15616K, reserved 1048576K
}
Event: 667.168 GC heap after
{Heap after GC invocations=64 (full 0):
 garbage-first heap   total 233472K, used 134033K [0x0000000080000000, 0x0000000100000000)
  region size 1024K, 2 young (2048K), 2 survivors (2048K)
 Metaspace       used 113254K, committed 114112K, reserved 1179648K
  class space    used 15163K, committed 15616K, reserved 1048576K
}
Event: 667.847 GC heap before
{Heap before GC invocations=64 (full 0):
 garbage-first heap   total 233472K, used 143249K [0x0000000080000000, 0x0000000100000000)
  region size 1024K, 11 young (11264K), 2 survivors (2048K)
 Metaspace       used 113300K, committed 114176K, reserved 1179648K
  class space    used 15166K, committed 15616K, reserved 1048576K
}
Event: 667.867 GC heap after
{Heap after GC invocations=65 (full 0):
 garbage-first heap   total 280576K, used 132212K [0x0000000080000000, 0x0000000100000000)
  region size 1024K, 2 young (2048K), 2 survivors (2048K)
 Metaspace       used 113300K, committed 114176K, reserved 1179648K
  class space    used 15166K, committed 15616K, reserved 1048576K
}
Event: 668.655 GC heap before
{Heap before GC invocations=65 (full 0):
 garbage-first heap   total 280576K, used 143476K [0x0000000080000000, 0x0000000100000000)
  region size 1024K, 13 young (13312K), 2 survivors (2048K)
 Metaspace       used 113376K, committed 114240K, reserved 1179648K
  class space    used 15170K, committed 15616K, reserved 1048576K
}
Event: 668.804 GC heap after
{Heap after GC invocations=66 (full 0):
 garbage-first heap   total 280576K, used 131999K [0x0000000080000000, 0x0000000100000000)
  region size 1024K, 2 young (2048K), 2 survivors (2048K)
 Metaspace       used 113376K, committed 114240K, reserved 1179648K
  class space    used 15170K, committed 15616K, reserved 1048576K
}
Event: 669.305 GC heap before
{Heap before GC invocations=66 (full 0):
 garbage-first heap   total 280576K, used 142239K [0x0000000080000000, 0x0000000100000000)
  region size 1024K, 13 young (13312K), 2 survivors (2048K)
 Metaspace       used 113416K, committed 114368K, reserved 1179648K
  class space    used 15172K, committed 15616K, reserved 1048576K
}
Event: 669.319 GC heap after
{Heap after GC invocations=67 (full 0):
 garbage-first heap   total 280576K, used 132096K [0x0000000080000000, 0x0000000100000000)
  region size 1024K, 2 young (2048K), 2 survivors (2048K)
 Metaspace       used 113416K, committed 114368K, reserved 1179648K
  class space    used 15172K, committed 15616K, reserved 1048576K
}
Event: 672.211 GC heap before
{Heap before GC invocations=67 (full 0):
 garbage-first heap   total 280576K, used 144384K [0x0000000080000000, 0x0000000100000000)
  region size 1024K, 13 young (13312K), 2 survivors (2048K)
 Metaspace       used 114259K, committed 115136K, reserved 1179648K
  class space    used 15297K, committed 15744K, reserved 1048576K
}
Event: 672.249 GC heap after
{Heap after GC invocations=68 (full 0):
 garbage-first heap   total 280576K, used 132275K [0x0000000080000000, 0x0000000100000000)
  region size 1024K, 2 young (2048K), 2 survivors (2048K)
 Metaspace       used 114259K, committed 115136K, reserved 1179648K
  class space    used 15297K, committed 15744K, reserved 1048576K
}
Event: 672.639 GC heap before
{Heap before GC invocations=68 (full 0):
 garbage-first heap   total 280576K, used 142515K [0x0000000080000000, 0x0000000100000000)
  region size 1024K, 13 young (13312K), 2 survivors (2048K)
 Metaspace       used 114859K, committed 115712K, reserved 1179648K
  class space    used 15370K, committed 15808K, reserved 1048576K
}
Event: 672.660 GC heap after
{Heap after GC invocations=69 (full 0):
 garbage-first heap   total 280576K, used 136192K [0x0000000080000000, 0x0000000100000000)
  region size 1024K, 2 young (2048K), 2 survivors (2048K)
 Metaspace       used 114859K, committed 115712K, reserved 1179648K
  class space    used 15370K, committed 15808K, reserved 1048576K
}
Event: 676.763 GC heap before
{Heap before GC invocations=69 (full 0):
 garbage-first heap   total 280576K, used 176128K [0x0000000080000000, 0x0000000100000000)
  region size 1024K, 43 young (44032K), 2 survivors (2048K)
 Metaspace       used 115717K, committed 116608K, reserved 1179648K
  class space    used 15458K, committed 15872K, reserved 1048576K
}

