# JRE version: OpenJDK Runtime Environment (17.0.11) (build 17.0.11+0--11852314)
# Java VM: OpenJDK 64-Bit Server VM (17.0.11+0--11852314, mixed mode, tiered, compressed oops, compressed class ptrs, g1 gc, windows-amd64)
GC Precious Log:
 CPUs: 12 total, 12 available
 Memory: 7498M
 Large Page Support: Disabled
 NUMA Support: Disabled
 Compressed Oops: Enabled (32-bit)
 Heap Region Size: 1M
 Heap Min Capacity: 8M
 Heap Initial Capacity: 118M
 Heap Max Capacity: 2G
 Pre-touch: Disabled
 Parallel Workers: 10
 Concurrent Workers: 3
 Concurrent Refinement Workers: 10
 Periodic GC: Disabled
Heap:
 garbage-first heap   total 97280K, used 65876K [0x0000000080000000, 0x0000000100000000)
  region size 1024K, 2 young (2048K), 2 survivors (2048K)
 Metaspace       used 64489K, committed 65024K, reserved 1114112K
  class space    used 8790K, committed 9024K, reserved 1048576K
GC Heap History (20 events):
Event: 8.690 GC heap after
{Heap after GC invocations=15 (full 0):
 garbage-first heap   total 68608K, used 34308K [0x0000000080000000, 0x0000000100000000)
  region size 1024K, 3 young (3072K), 3 survivors (3072K)
 Metaspace       used 52310K, committed 52736K, reserved 1114112K
  class space    used 7272K, committed 7488K, reserved 1048576K
}
Event: 9.195 GC heap before
{Heap before GC invocations=16 (full 0):
 garbage-first heap   total 68608K, used 56836K [0x0000000080000000, 0x0000000100000000)
  region size 1024K, 23 young (23552K), 3 survivors (3072K)
 Metaspace       used 55246K, committed 55744K, reserved 1114112K
  class space    used 7632K, committed 7872K, reserved 1048576K
}
Event: 9.198 GC heap after
{Heap after GC invocations=17 (full 0):
 garbage-first heap   total 68608K, used 34984K [0x0000000080000000, 0x0000000100000000)
  region size 1024K, 2 young (2048K), 2 survivors (2048K)
 Metaspace       used 55246K, committed 55744K, reserved 1114112K
  class space    used 7632K, committed 7872K, reserved 1048576K
}
Event: 9.751 GC heap before
{Heap before GC invocations=17 (full 0):
 garbage-first heap   total 68608K, used 54440K [0x0000000080000000, 0x0000000100000000)
  region size 1024K, 22 young (22528K), 2 survivors (2048K)
 Metaspace       used 60052K, committed 60544K, reserved 1114112K
  class space    used 8235K, committed 8448K, reserved 1048576K
}
Event: 9.754 GC heap after
{Heap after GC invocations=18 (full 0):
 garbage-first heap   total 68608K, used 37441K [0x0000000080000000, 0x0000000100000000)
  region size 1024K, 3 young (3072K), 3 survivors (3072K)
 Metaspace       used 60052K, committed 60544K, reserved 1114112K
  class space    used 8235K, committed 8448K, reserved 1048576K
}
Event: 10.856 GC heap before
{Heap before GC invocations=19 (full 0):
 garbage-first heap   total 68608K, used 54849K [0x0000000080000000, 0x0000000100000000)
  region size 1024K, 20 young (20480K), 3 survivors (3072K)
 Metaspace       used 62493K, committed 63040K, reserved 1114112K
  class space    used 8506K, committed 8768K, reserved 1048576K
}
Event: 10.860 GC heap after
{Heap after GC invocations=20 (full 0):
 garbage-first heap   total 68608K, used 40673K [0x0000000080000000, 0x0000000100000000)
  region size 1024K, 3 young (3072K), 3 survivors (3072K)
 Metaspace       used 62493K, committed 63040K, reserved 1114112K
  class space    used 8506K, committed 8768K, reserved 1048576K
}
Event: 11.015 GC heap before
{Heap before GC invocations=20 (full 0):
 garbage-first heap   total 68608K, used 52961K [0x0000000080000000, 0x0000000100000000)
  region size 1024K, 16 young (16384K), 3 survivors (3072K)
 Metaspace       used 63087K, committed 63552K, reserved 1114112K
  class space    used 8603K, committed 8832K, reserved 1048576K
}
Event: 11.018 GC heap after
{Heap after GC invocations=21 (full 0):
 garbage-first heap   total 68608K, used 42966K [0x0000000080000000, 0x0000000100000000)
  region size 1024K, 2 young (2048K), 2 survivors (2048K)
 Metaspace       used 63087K, committed 63552K, reserved 1114112K
  class space    used 8603K, committed 8832K, reserved 1048576K
}
Event: 11.129 GC heap before
{Heap before GC invocations=22 (full 0):
 garbage-first heap   total 76800K, used 55254K [0x0000000080000000, 0x0000000100000000)
  region size 1024K, 14 young (14336K), 2 survivors (2048K)
 Metaspace       used 63234K, committed 63744K, reserved 1114112K
  class space    used 8604K, committed 8832K, reserved 1048576K
}
Event: 11.131 GC heap after
{Heap after GC invocations=23 (full 0):
 garbage-first heap   total 76800K, used 44642K [0x0000000080000000, 0x0000000100000000)
  region size 1024K, 2 young (2048K), 2 survivors (2048K)
 Metaspace       used 63234K, committed 63744K, reserved 1114112K
  class space    used 8604K, committed 8832K, reserved 1048576K
}
Event: 11.213 GC heap before
{Heap before GC invocations=23 (full 0):
 garbage-first heap   total 76800K, used 58978K [0x0000000080000000, 0x0000000100000000)
  region size 1024K, 17 young (17408K), 2 survivors (2048K)
 Metaspace       used 63333K, committed 63808K, reserved 1114112K
  class space    used 8604K, committed 8832K, reserved 1048576K
}
Event: 11.214 GC heap after
{Heap after GC invocations=24 (full 0):
 garbage-first heap   total 76800K, used 45944K [0x0000000080000000, 0x0000000100000000)
  region size 1024K, 3 young (3072K), 3 survivors (3072K)
 Metaspace       used 63333K, committed 63808K, reserved 1114112K
  class space    used 8604K, committed 8832K, reserved 1048576K
}
Event: 11.452 GC heap before
{Heap before GC invocations=25 (full 0):
 garbage-first heap   total 86016K, used 65400K [0x0000000080000000, 0x0000000100000000)
  region size 1024K, 17 young (17408K), 3 survivors (3072K)
 Metaspace       used 63856K, committed 64448K, reserved 1114112K
  class space    used 8683K, committed 8960K, reserved 1048576K
}
Event: 11.454 GC heap after
{Heap after GC invocations=26 (full 0):
 garbage-first heap   total 86016K, used 54291K [0x0000000080000000, 0x0000000100000000)
  region size 1024K, 3 young (3072K), 3 survivors (3072K)
 Metaspace       used 63856K, committed 64448K, reserved 1114112K
  class space    used 8683K, committed 8960K, reserved 1048576K
}
Event: 11.465 GC heap before
{Heap before GC invocations=26 (full 0):
 garbage-first heap   total 86016K, used 55315K [0x0000000080000000, 0x0000000100000000)
  region size 1024K, 4 young (4096K), 3 survivors (3072K)
 Metaspace       used 63978K, committed 64512K, reserved 1114112K
  class space    used 8705K, committed 8960K, reserved 1048576K
}
Event: 11.467 GC heap after
{Heap after GC invocations=27 (full 0):
 garbage-first heap   total 86016K, used 54198K [0x0000000080000000, 0x0000000100000000)
  region size 1024K, 1 young (1024K), 1 survivors (1024K)
 Metaspace       used 63978K, committed 64512K, reserved 1114112K
  class space    used 8705K, committed 8960K, reserved 1048576K
}
Event: 11.474 GC heap before
{Heap before GC invocations=27 (full 0):
 garbage-first heap   total 86016K, used 54198K [0x0000000080000000, 0x0000000100000000)
  region size 1024K, 2 young (2048K), 1 survivors (1024K)
 Metaspace       used 64008K, committed 64576K, reserved 1114112K
  class space    used 8710K, committed 8960K, reserved 1048576K
}
Event: 11.475 GC heap after
{Heap after GC invocations=28 (full 0):
 garbage-first heap   total 86016K, used 53935K [0x0000000080000000, 0x0000000100000000)
  region size 1024K, 1 young (1024K), 1 survivors (1024K)
 Metaspace       used 64008K, committed 64576K, reserved 1114112K
  class space    used 8710K, committed 8960K, reserved 1048576K
}
Event: 11.712 GC heap before
{Heap before GC invocations=29 (full 0):
 garbage-first heap   total 97280K, used 74415K [0x0000000080000000, 0x0000000100000000)
  region size 1024K, 14 young (14336K), 1 survivors (1024K)
 Metaspace       used 64489K, committed 65024K, reserved 1114112K
  class space    used 8790K, committed 9024K, reserved 1048576K
}

